<?xml version="1.0" encoding="UTF-8"?>
<!-- Generated by org.testng.reporters.JUnitReportReporter -->
<testsuite hostname="LETHI-JUL21-CI" failures="0" tests="1" name="PracticeSelenium.SeleniumFrameworkDesign.ScottTest" time="9.581" errors="0" timestamp="2023-01-17T11:33:25 GMT" skipped="0">
  <testcase classname="PracticeSelenium.SeleniumFrameworkDesign.ScottTest" name="Assertion" time="9.581"/>
  <system-out/>
</testsuite> <!-- PracticeSelenium.SeleniumFrameworkDesign.ScottTest -->
