<?xml version="1.0" encoding="UTF-8"?>
<!-- Generated by org.testng.reporters.JUnitReportReporter -->
<testsuite hostname="LETHI-JUL21-CI" failures="0" tests="1" name="PracticeSelenium.SeleniumFrameworkDesign.FirefoxTest" time="11.727" errors="0" timestamp="2023-01-02T15:20:51 GMT" skipped="0">
  <testcase classname="PracticeSelenium.SeleniumFrameworkDesign.FirefoxTest" name="testScroll" time="11.727"/>
  <system-out/>
</testsuite> <!-- PracticeSelenium.SeleniumFrameworkDesign.FirefoxTest -->
