<?xml version="1.0" encoding="UTF-8"?>
<!-- Generated by org.testng.reporters.JUnitReportReporter -->
<testsuite hostname="LETHI-JUL21-CI" failures="0" tests="1" name="PracticeSelenium.SeleniumFrameworkDesign.cosmeticTest" time="2.920" errors="0" timestamp="2023-12-21T10:16:30 GMT" skipped="0">
  <testcase classname="PracticeSelenium.SeleniumFrameworkDesign.cosmeticTest" name="Pagetitle" time="2.920"/>
  <system-out/>
</testsuite> <!-- PracticeSelenium.SeleniumFrameworkDesign.cosmeticTest -->
