<?xml version="1.0" encoding="UTF-8"?>
<!-- Generated by org.testng.reporters.JUnitReportReporter -->
<testsuite hostname="LETHI-JUL21-CI" failures="0" tests="2" name="PracticeSelenium.SeleniumFrameworkDesign.AddtoFavouriteTest" time="13.275" errors="0" timestamp="2023-12-21T10:16:30 GMT" skipped="0">
  <testcase classname="PracticeSelenium.SeleniumFrameworkDesign.AddtoFavouriteTest" name="AddItemToFavourite" time="6.401"/>
  <system-out/>
  <testcase classname="PracticeSelenium.SeleniumFrameworkDesign.AddtoFavouriteTest" name="AddItemToFavourite" time="6.874"/>
  <system-out/>
</testsuite> <!-- PracticeSelenium.SeleniumFrameworkDesign.AddtoFavouriteTest -->
